<?xml version="1.0" encoding="UTF-8"?>
<!-- Generated by org.testng.reporters.JUnitReportReporter -->
<testsuite hostname="Roni" failures="0" tests="4" name="api.test.TestEmployee" time="4.479" errors="0" timestamp="2024-07-05T12:32:19 IST" skipped="0">
  <testcase classname="api.test.TestEmployee" name="testCreateEmployee" time="4.156"/>
  <testcase classname="api.test.TestEmployee" name="testGetAllemployees" time="0.128"/>
  <testcase classname="api.test.TestEmployee" name="testGetEmployeeById" time="0.063"/>
  <testcase classname="api.test.TestEmployee" name="testUpdateEmployeeById" time="0.132"/>
</testsuite> <!-- api.test.TestEmployee -->
